<?xml version="1.0"?><coverage lines-covered="2114" lines-valid="3175" line-rate="0.6658267716535433" branches-covered="0" branches-valid="0" branch-rate="0" complexity="0" version="1.9" timestamp="1768589387"><sources><source>/home/rmondo/repos/code-viz</source></sources><packages><package name="crates/code-viz-commands/tests" line-rate="0" branch-rate="0" complexity="0"><classes></classes></package><package name="crates/code-viz-cli/src/context" line-rate="0" branch-rate="0" complexity="0"><classes><class name="cli_context" filename="crates/code-viz-cli/src/context/cli_context.rs" line-rate="0" branch-rate="0" complexity="0"><methods/><lines><line number="15" hits="0"/><line number="22" hits="0"/><line number="23" hits="0"/><line number="24" hits="0"/><line number="26" hits="0"/><line number="29" hits="0"/><line number="30" hits="0"/><line number="33" hits="0"/><line number="35" hits="0"/><line number="36" hits="0"/></lines></class></classes></package><package name="crates/code-viz-tauri/src" line-rate="0.47674418604651164" branch-rate="0" complexity="0"><classes><class name="commands" filename="crates/code-viz-tauri/src/commands.rs" line-rate="0" branch-rate="0" complexity="0"><methods/><lines><line number="16" hits="0"/><line number="22" hits="0"/><line number="23" hits="0"/><line number="24" hits="0"/><line number="27" hits="0"/><line number="30" hits="0"/><line number="31" hits="0"/><line number="32" hits="0"/><line number="35" hits="0"/><line number="43" hits="0"/><line number="49" hits="0"/><line number="50" hits="0"/><line number="51" hits="0"/><line number="54" hits="0"/><line number="55" hits="0"/><line number="56" hits="0"/></lines></class><class name="logging" filename="crates/code-viz-tauri/src/logging.rs" line-rate="0" branch-rate="0" complexity="0"><methods/><lines><line number="15" hits="0"/><line number="16" hits="0"/><line number="17" hits="0"/><line number="19" hits="0"/><line number="22" hits="0"/><line number="23" hits="0"/><line number="25" hits="0"/><line number="27" hits="0"/><line number="28" hits="0"/><line number="36" hits="0"/><line number="37" hits="0"/><line number="38" hits="0"/></lines></class><class name="models" filename="crates/code-viz-tauri/src/models.rs" line-rate="0.72" branch-rate="0" complexity="0"><methods/><lines><line number="36" hits="0"/><line number="38" hits="0"/><line number="39" hits="0"/><line number="40" hits="0"/><line number="41" hits="0"/><line number="42" hits="0"/><line number="43" hits="0"/><line number="89" hits="3"/><line number="91" hits="2"/><line number="92" hits="3"/><line number="93" hits="3"/><line number="94" hits="3"/><line number="95" hits="3"/><line number="96" hits="3"/><line number="97" hits="6"/><line number="98" hits="3"/><line number="99" hits="3"/><line number="100" hits="3"/><line number="101" hits="3"/><line number="102" hits="3"/><line number="103" hits="3"/><line number="104" hits="3"/><line number="105" hits="3"/><line number="106" hits="3"/><line number="107" hits="3"/></lines></class><class name="transform" filename="crates/code-viz-tauri/src/transform.rs" line-rate="1" branch-rate="0" complexity="0"><methods/><lines><line number="52" hits="8"/><line number="54" hits="11"/><line number="55" hits="1"/><line number="58" hits="1"/><line number="59" hits="1"/><line number="63" hits="1"/><line number="65" hits="1"/><line number="66" hits="1"/><line number="67" hits="1"/><line number="68" hits="1"/><line number="69" hits="1"/><line number="70" hits="1"/><line number="71" hits="2"/><line number="72" hits="1"/><line number="73" hits="1"/><line number="74" hits="1"/><line number="75" hits="1"/><line number="76" hits="1"/><line number="77" hits="1"/><line number="78" hits="1"/><line number="79" hits="1"/><line number="80" hits="1"/><line number="81" hits="1"/></lines></class></classes></package><package name="crates/code-viz-core/tests" line-rate="1" branch-rate="0" complexity="0"><classes><class name="coupling_tests" filename="crates/code-viz-core/tests/coupling_tests.rs" line-rate="1" branch-rate="0" complexity="0"><methods/><lines><line number="7" hits="1"/><line number="9" hits="10"/><line number="10" hits="1"/><line number="14" hits="10"/></lines></class><class name="duplication_helpers" filename="crates/code-viz-core/tests/duplication_helpers.rs" line-rate="1" branch-rate="0" complexity="0"><methods/><lines><line number="7" hits="10"/><line number="8" hits="10"/><line number="9" hits="20"/><line number="10" hits="10"/></lines></class><class name="hotspot_helpers" filename="crates/code-viz-core/tests/hotspot_helpers.rs" line-rate="1" branch-rate="0" complexity="0"><methods/><lines><line number="7" hits="1"/><line number="15" hits="4"/><line number="16" hits="1"/><line number="20" hits="4"/><line number="24" hits="1"/></lines></class><class name="hotspot_tests" filename="crates/code-viz-core/tests/hotspot_tests.rs" line-rate="1" branch-rate="0" complexity="0"><methods/><lines><line number="6" hits="10"/><line number="14" hits="10"/><line number="15" hits="10"/><line number="19" hits="10"/><line number="23" hits="10"/><line number="34" hits="1"/><line number="36" hits="1"/><line number="37" hits="1"/><line number="41" hits="1"/></lines></class><class name="integration_tests" filename="crates/code-viz-core/tests/integration_tests.rs" line-rate="1" branch-rate="0" complexity="0"><methods/><lines><line number="6" hits="3"/><line number="7" hits="2"/><line number="54" hits="1"/><line number="55" hits="1"/><line number="58" hits="3"/><line number="59" hits="2"/><line number="60" hits="2"/><line number="72" hits="1"/><line number="75" hits="1"/><line number="79" hits="1"/><line number="80" hits="1"/><line number="98" hits="1"/><line number="99" hits="1"/><line number="103" hits="1"/><line number="104" hits="1"/></lines></class><class name="scanner_helpers" filename="crates/code-viz-core/tests/scanner_helpers.rs" line-rate="1" branch-rate="0" complexity="0"><methods/><lines><line number="7" hits="4"/><line number="8" hits="4"/><line number="9" hits="8"/><line number="12" hits="4"/><line number="13" hits="4"/><line number="14" hits="4"/><line number="15" hits="4"/><line number="18" hits="4"/><line number="19" hits="4"/><line number="21" hits="4"/></lines></class></classes></package><package name="src-tauri" line-rate="0" branch-rate="0" complexity="0"><classes></classes></package><package name="crates/code-viz-core/src/traits" line-rate="0" branch-rate="0" complexity="0"><classes></classes></package><package name="crates/code-viz-core/src/context" line-rate="0.2780487804878049" branch-rate="0" complexity="0"><classes><class name="real_filesystem" filename="crates/code-viz-core/src/context/real_filesystem.rs" line-rate="0.5714285714285714" branch-rate="0" complexity="0"><methods/><lines><line number="19" hits="1"/><line number="20" hits="1"/><line number="21" hits="1"/><line number="24" hits="1"/><line number="27" hits="1"/><line number="28" hits="1"/><line number="31" hits="0"/><line number="32" hits="0"/><line number="33" hits="0"/><line number="34" hits="0"/><line number="36" hits="0"/><line number="37" hits="0"/><line number="40" hits="2"/><line number="41" hits="2"/></lines></class><class name="real_git" filename="crates/code-viz-core/src/context/real_git.rs" line-rate="0.25654450261780104" branch-rate="0" complexity="0"><methods/><lines><line number="25" hits="1"/><line number="31" hits="1"/><line number="32" hits="1"/><line number="33" hits="1"/><line number="35" hits="2"/><line number="36" hits="1"/><line number="38" hits="1"/><line number="39" hits="1"/><line number="40" hits="1"/><line number="41" hits="1"/><line number="44" hits="1"/><line number="47" hits="1"/><line number="54" hits="1"/><line number="55" hits="2"/><line number="56" hits="1"/><line number="57" hits="2"/><line number="58" hits="1"/><line number="59" hits="2"/><line number="60" hits="2"/><line number="61" hits="2"/><line number="63" hits="1"/><line number="65" hits="1"/><line number="70" hits="0"/><line number="71" hits="0"/><line number="72" hits="0"/><line number="73" hits="0"/><line number="74" hits="0"/><line number="76" hits="0"/><line number="77" hits="0"/><line number="78" hits="0"/><line number="80" hits="0"/><line number="81" hits="0"/><line number="82" hits="0"/><line number="84" hits="0"/><line number="86" hits="0"/><line number="87" hits="0"/><line number="88" hits="0"/><line number="89" hits="0"/><line number="91" hits="0"/><line number="92" hits="0"/><line number="93" hits="0"/><line number="94" hits="0"/><line number="95" hits="0"/><line number="97" hits="0"/><line number="98" hits="0"/><line number="99" hits="0"/><line number="100" hits="0"/><line number="107" hits="0"/><line number="108" hits="0"/><line number="112" hits="0"/><line number="113" hits="0"/><line number="114" hits="0"/><line number="115" hits="0"/><line number="116" hits="0"/><line number="117" hits="0"/><line number="121" hits="0"/><line number="123" hits="0"/><line number="124" hits="0"/><line number="127" hits="0"/><line number="128" hits="0"/><line number="129" hits="0"/><line number="130" hits="0"/><line number="132" hits="0"/><line number="133" hits="0"/><line number="134" hits="0"/><line number="136" hits="0"/><line number="137" hits="0"/><line number="138" hits="0"/><line number="139" hits="0"/><line number="141" hits="0"/><line number="142" hits="0"/><line number="143" hits="0"/><line number="144" hits="0"/><line number="145" hits="0"/><line number="146" hits="0"/><line number="147" hits="0"/><line number="149" hits="0"/><line number="151" hits="0"/><line number="154" hits="0"/><line number="155" hits="0"/><line number="156" hits="0"/><line number="157" hits="0"/><line number="158" hits="0"/><line number="160" hits="0"/><line number="161" hits="0"/><line number="163" hits="0"/><line number="164" hits="0"/><line number="165" hits="0"/><line number="166" hits="0"/><line number="167" hits="0"/><line number="169" hits="0"/><line number="170" hits="0"/><line number="171" hits="0"/><line number="172" hits="0"/><line number="175" hits="0"/><line number="176" hits="0"/><line number="178" hits="0"/><line number="179" hits="0"/><line number="182" hits="0"/><line number="183" hits="0"/><line number="184" hits="0"/><line number="185" hits="0"/><line number="186" hits="0"/><line number="192" hits="0"/><line number="194" hits="0"/><line number="195" hits="0"/><line number="196" hits="0"/><line number="197" hits="0"/><line number="200" hits="0"/><line number="201" hits="0"/><line number="204" hits="6"/><line number="205" hits="1"/><line number="206" hits="6"/><line number="207" hits="2"/><line number="208" hits="1"/><line number="209" hits="0"/><line number="211" hits="0"/><line number="215" hits="2"/><line number="217" hits="2"/><line number="220" hits="4"/><line number="221" hits="0"/><line number="225" hits="2"/><line number="226" hits="1"/><line number="227" hits="1"/><line number="228" hits="0"/><line number="230" hits="0"/><line number="231" hits="0"/><line number="235" hits="1"/><line number="236" hits="1"/><line number="238" hits="1"/><line number="239" hits="1"/><line number="240" hits="1"/><line number="242" hits="1"/><line number="243" hits="1"/><line number="245" hits="2"/><line number="246" hits="2"/><line number="249" hits="1"/><line number="250" hits="1"/><line number="251" hits="1"/><line number="254" hits="6"/><line number="255" hits="1"/><line number="258" hits="10"/><line number="266" hits="4"/><line number="269" hits="0"/><line number="270" hits="0"/><line number="271" hits="0"/><line number="273" hits="0"/><line number="274" hits="0"/><line number="275" hits="0"/><line number="277" hits="0"/><line number="278" hits="0"/><line number="279" hits="0"/><line number="281" hits="0"/><line number="282" hits="0"/><line number="284" hits="0"/><line number="285" hits="0"/><line number="287" hits="0"/><line number="288" hits="0"/><line number="290" hits="0"/><line number="292" hits="0"/><line number="293" hits="0"/><line number="296" hits="0"/><line number="297" hits="0"/><line number="298" hits="0"/><line number="300" hits="0"/><line number="301" hits="0"/><line number="302" hits="0"/><line number="303" hits="0"/><line number="305" hits="0"/><line number="306" hits="0"/><line number="308" hits="0"/><line number="309" hits="0"/><line number="311" hits="0"/><line number="312" hits="0"/><line number="314" hits="0"/><line number="315" hits="0"/><line number="316" hits="0"/><line number="317" hits="0"/><line number="318" hits="0"/><line number="319" hits="0"/><line number="320" hits="0"/><line number="321" hits="0"/><line number="322" hits="0"/><line number="323" hits="0"/><line number="325" hits="0"/><line number="326" hits="0"/><line number="327" hits="0"/><line number="330" hits="0"/><line number="337" hits="0"/><line number="339" hits="0"/><line number="340" hits="0"/></lines></class></classes></package><package name="crates/code-viz-core/tests/error_scenarios" line-rate="0" branch-rate="0" complexity="0"><classes></classes></package><package name="crates/code-viz-tauri/tests" line-rate="1" branch-rate="0" complexity="0"><classes><class name="contract_tests" filename="crates/code-viz-tauri/tests/contract_tests.rs" line-rate="1" branch-rate="0" complexity="0"><methods/><lines><line number="191" hits="1"/><line number="192" hits="1"/><line number="195" hits="1"/><line number="196" hits="1"/><line number="198" hits="1"/><line number="199" hits="1"/><line number="202" hits="1"/><line number="203" hits="1"/><line number="205" hits="1"/><line number="206" hits="1"/><line number="209" hits="1"/><line number="210" hits="1"/><line number="211" hits="2"/><line number="212" hits="1"/><line number="217" hits="1"/><line number="218" hits="1"/></lines></class></classes></package><package name="crates/code-viz-dead-code/src/symbol_graph" line-rate="0.8893617021276595" branch-rate="0" complexity="0"><classes><class name="builder" filename="crates/code-viz-dead-code/src/symbol_graph/builder.rs" line-rate="0.9338235294117647" branch-rate="0" complexity="0"><methods/><lines><line number="30" hits="13"/><line number="32" hits="13"/><line number="33" hits="13"/><line number="37" hits="9"/><line number="39" hits="16"/><line number="40" hits="6"/><line number="41" hits="6"/><line number="42" hits="8"/><line number="43" hits="0"/><line number="44" hits="0"/><line number="48" hits="9"/><line number="56" hits="9"/><line number="57" hits="8"/><line number="58" hits="16"/><line number="59" hits="0"/><line number="62" hits="13"/><line number="63" hits="5"/><line number="64" hits="5"/><line number="65" hits="9"/><line number="66" hits="18"/><line number="67" hits="18"/><line number="69" hits="9"/><line number="70" hits="9"/><line number="71" hits="9"/><line number="73" hits="9"/><line number="81" hits="10"/><line number="89" hits="10"/><line number="90" hits="20"/><line number="91" hits="20"/><line number="93" hits="20"/><line number="94" hits="15"/><line number="95" hits="9"/><line number="96" hits="9"/><line number="97" hits="5"/><line number="98" hits="9"/><line number="103" hits="9"/><line number="108" hits="4"/><line number="120" hits="4"/><line number="126" hits="4"/><line number="127" hits="0"/><line number="128" hits="0"/><line number="131" hits="20"/><line number="132" hits="10"/><line number="133" hits="10"/><line number="135" hits="4"/><line number="147" hits="4"/><line number="154" hits="4"/><line number="155" hits="0"/><line number="156" hits="0"/><line number="159" hits="4"/><line number="162" hits="8"/><line number="163" hits="4"/><line number="166" hits="8"/><line number="168" hits="8"/><line number="169" hits="4"/><line number="170" hits="2"/><line number="171" hits="2"/><line number="172" hits="2"/><line number="173" hits="2"/><line number="178" hits="4"/><line number="188" hits="13"/><line number="192" hits="26"/><line number="193" hits="13"/><line number="195" hits="55"/><line number="198" hits="27"/><line number="199" hits="16"/><line number="201" hits="5"/><line number="202" hits="5"/><line number="204" hits="5"/><line number="209" hits="13"/><line number="214" hits="14"/><line number="215" hits="27"/><line number="219" hits="21"/><line number="220" hits="4"/><line number="221" hits="4"/><line number="222" hits="8"/><line number="224" hits="8"/><line number="225" hits="8"/><line number="229" hits="6"/><line number="233" hits="8"/><line number="240" hits="8"/><line number="244" hits="16"/><line number="245" hits="4"/><line number="246" hits="4"/><line number="247" hits="8"/><line number="249" hits="4"/><line number="250" hits="4"/><line number="251" hits="4"/><line number="252" hits="4"/><line number="253" hits="4"/><line number="254" hits="4"/><line number="257" hits="4"/><line number="261" hits="6"/><line number="265" hits="4"/><line number="266" hits="9"/><line number="268" hits="12"/><line number="269" hits="12"/><line number="272" hits="3"/><line number="274" hits="1"/><line number="279" hits="4"/><line number="282" hits="12"/><line number="283" hits="10"/><line number="288" hits="6"/><line number="293" hits="26"/><line number="294" hits="12"/><line number="296" hits="12"/><line number="298" hits="29"/><line number="299" hits="15"/><line number="302" hits="8"/><line number="303" hits="14"/><line number="305" hits="14"/><line number="309" hits="8"/><line number="310" hits="8"/><line number="311" hits="16"/><line number="316" hits="4"/><line number="323" hits="4"/><line number="325" hits="8"/><line number="326" hits="4"/><line number="329" hits="4"/><line number="330" hits="2"/><line number="332" hits="6"/><line number="333" hits="6"/><line number="336" hits="4"/><line number="337" hits="2"/><line number="343" hits="4"/><line number="347" hits="6"/><line number="351" hits="23"/><line number="352" hits="12"/><line number="353" hits="13"/><line number="355" hits="22"/><line number="356" hits="6"/><line number="357" hits="3"/><line number="359" hits="3"/><line number="363" hits="5"/><line number="368" hits="0"/><line number="369" hits="0"/></lines></class><class name="extractors" filename="crates/code-viz-dead-code/src/symbol_graph/extractors.rs" line-rate="0.9111111111111111" branch-rate="0" complexity="0"><methods/><lines><line number="6" hits="8"/><line number="7" hits="9"/><line number="10" hits="18"/><line number="12" hits="14"/><line number="13" hits="14"/><line number="14" hits="7"/><line number="18" hits="8"/><line number="21" hits="2"/><line number="22" hits="1"/><line number="23" hits="1"/><line number="24" hits="2"/><line number="25" hits="2"/><line number="27" hits="1"/><line number="28" hits="1"/><line number="29" hits="1"/><line number="35" hits="8"/><line number="37" hits="4"/><line number="38" hits="4"/><line number="39" hits="4"/><line number="43" hits="8"/><line number="45" hits="4"/><line number="46" hits="4"/><line number="47" hits="4"/><line number="54" hits="0"/><line number="58" hits="8"/><line number="59" hits="8"/><line number="62" hits="16"/><line number="63" hits="9"/><line number="66" hits="9"/><line number="67" hits="4"/><line number="71" hits="7"/><line number="72" hits="0"/><line number="73" hits="0"/><line number="74" hits="0"/><line number="78" hits="7"/><line number="81" hits="7"/><line number="85" hits="4"/><line number="86" hits="10"/><line number="87" hits="17"/><line number="88" hits="14"/><line number="89" hits="10"/><line number="90" hits="4"/><line number="91" hits="10"/><line number="92" hits="3"/><line number="93" hits="9"/></lines></class><class name="queries" filename="crates/code-viz-dead-code/src/symbol_graph/queries.rs" line-rate="0.7857142857142857" branch-rate="0" complexity="0"><methods/><lines><line number="9" hits="10"/><line number="11" hits="9"/><line number="13" hits="6"/><line number="14" hits="3"/><line number="15" hits="3"/><line number="30" hits="3"/><line number="33" hits="1"/><line number="35" hits="2"/><line number="36" hits="1"/><line number="37" hits="1"/><line number="52" hits="1"/><line number="55" hits="0"/><line number="56" hits="0"/><line number="57" hits="0"/><line number="63" hits="4"/><line number="65" hits="4"/><line number="67" hits="6"/><line number="68" hits="3"/><line number="69" hits="3"/><line number="77" hits="3"/><line number="80" hits="1"/><line number="82" hits="2"/><line number="83" hits="1"/><line number="84" hits="1"/><line number="92" hits="1"/><line number="95" hits="0"/><line number="96" hits="0"/><line number="97" hits="0"/></lines></class><class name="resolver" filename="crates/code-viz-dead-code/src/symbol_graph/resolver.rs" line-rate="0.7307692307692307" branch-rate="0" complexity="0"><methods/><lines><line number="12" hits="2"/><line number="18" hits="6"/><line number="21" hits="2"/><line number="22" hits="0"/><line number="23" hits="0"/><line number="24" hits="0"/><line number="26" hits="0"/><line number="30" hits="2"/><line number="33" hits="2"/><line number="34" hits="0"/><line number="36" hits="2"/><line number="40" hits="5"/><line number="41" hits="4"/><line number="44" hits="0"/><line number="48" hits="2"/><line number="49" hits="4"/><line number="50" hits="4"/><line number="51" hits="4"/><line number="53" hits="4"/><line number="56" hits="4"/><line number="57" hits="2"/><line number="62" hits="2"/><line number="63" hits="4"/><line number="64" hits="4"/><line number="65" hits="0"/><line number="70" hits="2"/></lines></class></classes></package><package name="src-tauri/src" line-rate="0" branch-rate="0" complexity="0"><classes><class name="main" filename="src-tauri/src/main.rs" line-rate="0" branch-rate="0" complexity="0"><methods/><lines><line number="4" hits="0"/><line number="6" hits="0"/><line number="8" hits="0"/><line number="9" hits="0"/><line number="10" hits="0"/><line number="11" hits="0"/><line number="15" hits="0"/></lines></class></classes></package><package name="crates/code-viz-commands/src" line-rate="0.875" branch-rate="0" complexity="0"><classes><class name="analyze" filename="crates/code-viz-commands/src/analyze.rs" line-rate="0.826530612244898" branch-rate="0" complexity="0"><methods/><lines><line number="31" hits="7"/><line number="40" hits="20"/><line number="41" hits="7"/><line number="43" hits="43"/><line number="44" hits="22"/><line number="46" hits="9"/><line number="49" hits="11"/><line number="50" hits="5"/><line number="51" hits="9"/><line number="52" hits="10"/><line number="53" hits="10"/><line number="56" hits="4"/><line number="57" hits="8"/><line number="58" hits="4"/><line number="60" hits="5"/><line number="61" hits="8"/><line number="62" hits="8"/><line number="64" hits="8"/><line number="65" hits="4"/><line number="70" hits="4"/><line number="77" hits="20"/><line number="78" hits="12"/><line number="79" hits="5"/><line number="81" hits="4"/><line number="84" hits="11"/><line number="91" hits="10"/><line number="92" hits="11"/><line number="93" hits="9"/><line number="95" hits="27"/><line number="96" hits="18"/><line number="97" hits="27"/><line number="98" hits="45"/><line number="100" hits="9"/><line number="102" hits="45"/><line number="105" hits="18"/><line number="106" hits="9"/><line number="107" hits="1"/><line number="110" hits="37"/><line number="111" hits="12"/><line number="116" hits="4"/><line number="119" hits="9"/><line number="120" hits="9"/><line number="123" hits="9"/><line number="128" hits="18"/><line number="129" hits="11"/><line number="130" hits="0"/><line number="132" hits="6"/><line number="135" hits="5"/><line number="141" hits="4"/><line number="142" hits="4"/><line number="145" hits="0"/><line number="146" hits="0"/><line number="147" hits="0"/><line number="150" hits="0"/><line number="151" hits="0"/><line number="154" hits="0"/><line number="155" hits="0"/><line number="158" hits="4"/><line number="163" hits="5"/><line number="164" hits="4"/><line number="167" hits="2"/><line number="168" hits="1"/><line number="169" hits="1"/><line number="170" hits="2"/><line number="173" hits="1"/><line number="174" hits="1"/><line number="177" hits="2"/><line number="178" hits="3"/><line number="179" hits="2"/><line number="182" hits="1"/><line number="185" hits="5"/><line number="190" hits="5"/><line number="191" hits="4"/><line number="194" hits="2"/><line number="195" hits="1"/><line number="196" hits="1"/><line number="199" hits="36"/><line number="200" hits="9"/><line number="202" hits="27"/><line number="206" hits="11"/><line number="207" hits="14"/><line number="208" hits="14"/><line number="209" hits="14"/><line number="210" hits="3"/><line number="211" hits="3"/><line number="212" hits="0"/><line number="213" hits="0"/><line number="216" hits="14"/><line number="217" hits="9"/><line number="219" hits="18"/><line number="220" hits="7"/><line number="223" hits="0"/><line number="228" hits="0"/><line number="229" hits="0"/><line number="230" hits="0"/><line number="231" hits="0"/><line number="232" hits="0"/><line number="233" hits="0"/></lines></class><class name="churn" filename="crates/code-viz-commands/src/churn.rs" line-rate="1" branch-rate="0" complexity="0"><methods/><lines><line number="11" hits="6"/><line number="17" hits="38"/><line number="18" hits="20"/><line number="21" hits="9"/><line number="23" hits="16"/><line number="24" hits="50"/><line number="26" hits="5"/><line number="28" hits="26"/><line number="31" hits="10"/><line number="33" hits="33"/><line number="34" hits="26"/><line number="35" hits="6"/><line number="37" hits="46"/><line number="38" hits="42"/><line number="40" hits="8"/></lines></class><class name="compare" filename="crates/code-viz-commands/src/compare.rs" line-rate="0.875" branch-rate="0" complexity="0"><methods/><lines><line number="18" hits="2"/><line number="22" hits="6"/><line number="23" hits="2"/><line number="25" hits="2"/><line number="27" hits="2"/><line number="29" hits="4"/><line number="31" hits="2"/><line number="33" hits="3"/><line number="36" hits="1"/><line number="42" hits="1"/><line number="43" hits="4"/><line number="45" hits="2"/><line number="46" hits="2"/><line number="47" hits="1"/><line number="50" hits="2"/><line number="51" hits="2"/><line number="52" hits="1"/><line number="55" hits="2"/><line number="56" hits="2"/><line number="58" hits="3"/><line number="61" hits="1"/><line number="62" hits="1"/><line number="63" hits="0"/><line number="65" hits="1"/><line number="66" hits="1"/><line number="67" hits="0"/><line number="70" hits="1"/><line number="74" hits="3"/><line number="75" hits="2"/><line number="76" hits="3"/><line number="77" hits="3"/><line number="82" hits="1"/><line number="86" hits="1"/><line number="88" hits="5"/><line number="92" hits="2"/><line number="93" hits="3"/><line number="94" hits="3"/><line number="95" hits="2"/><line number="96" hits="5"/><line number="97" hits="0"/><line number="98" hits="0"/><line number="99" hits="0"/><line number="100" hits="0"/><line number="103" hits="3"/><line number="104" hits="1"/><line number="106" hits="6"/><line number="107" hits="3"/><line number="109" hits="3"/></lines></class><class name="dead_code" filename="crates/code-viz-commands/src/dead_code.rs" line-rate="0.75" branch-rate="0" complexity="0"><methods/><lines><line number="7" hits="1"/><line number="17" hits="3"/><line number="18" hits="4"/><line number="20" hits="0"/></lines></class><class name="shared" filename="crates/code-viz-commands/src/shared.rs" line-rate="1" branch-rate="0" complexity="0"><methods/><lines><line number="7" hits="11"/><line number="11" hits="27"/><line number="12" hits="11"/><line number="13" hits="9"/><line number="15" hits="8"/><line number="17" hits="17"/><line number="18" hits="9"/><line number="19" hits="8"/><line number="20" hits="16"/><line number="22" hits="1"/><line number="27" hits="6"/></lines></class><class name="timeline" filename="crates/code-viz-commands/src/timeline.rs" line-rate="1" branch-rate="0" complexity="0"><methods/><lines><line number="14" hits="1"/><line number="18" hits="2"/><line number="19" hits="2"/><line number="20" hits="1"/><line number="21" hits="1"/><line number="23" hits="4"/><line number="24" hits="4"/><line number="25" hits="1"/><line number="26" hits="2"/><line number="27" hits="1"/><line number="28" hits="2"/><line number="30" hits="2"/><line number="31" hits="1"/><line number="34" hits="1"/><line number="35" hits="1"/><line number="36" hits="1"/></lines></class></classes></package><package name="crates/code-viz-core/tests/fixtures/malformed" line-rate="0" branch-rate="0" complexity="0"><classes></classes></package><package name="crates/code-viz-cli/tests/fixtures/simple-repo/src" line-rate="0" branch-rate="0" complexity="0"><classes></classes></package><package name="crates/code-viz-core/src/mocks" line-rate="0.746031746031746" branch-rate="0" complexity="0"><classes><class name="mock_context" filename="crates/code-viz-core/src/mocks/mock_context.rs" line-rate="0.9230769230769231" branch-rate="0" complexity="0"><methods/><lines><line number="18" hits="9"/><line number="20" hits="9"/><line number="21" hits="17"/><line number="26" hits="1"/><line number="27" hits="1"/><line number="28" hits="1"/><line number="32" hits="3"/><line number="33" hits="6"/><line number="37" hits="2"/><line number="38" hits="4"/><line number="39" hits="6"/><line number="40" hits="6"/><line number="46" hits="3"/><line number="47" hits="3"/><line number="48" hits="10"/><line number="57" hits="0"/><line number="58" hits="0"/><line number="64" hits="49"/><line number="65" hits="20"/><line number="66" hits="10"/><line number="69" hits="1"/><line number="70" hits="2"/><line number="73" hits="57"/><line number="74" hits="28"/><line number="76" hits="20"/><line number="81" hits="32"/></lines></class><class name="mock_filesystem" filename="crates/code-viz-core/src/mocks/mock_filesystem.rs" line-rate="0.75" branch-rate="0" complexity="0"><methods/><lines><line number="17" hits="13"/><line number="19" hits="24"/><line number="20" hits="39"/><line number="25" hits="13"/><line number="26" hits="37"/><line number="27" hits="23"/><line number="31" hits="0"/><line number="32" hits="0"/><line number="33" hits="0"/><line number="37" hits="1"/><line number="38" hits="2"/><line number="42" hits="1"/><line number="43" hits="1"/><line number="44" hits="2"/><line number="54" hits="21"/><line number="55" hits="21"/><line number="56" hits="33"/><line number="58" hits="15"/><line number="61" hits="7"/><line number="62" hits="8"/><line number="63" hits="8"/><line number="64" hits="8"/><line number="66" hits="20"/><line number="69" hits="4"/><line number="72" hits="0"/><line number="73" hits="0"/><line number="77" hits="0"/><line number="78" hits="0"/></lines></class><class name="mock_git" filename="crates/code-viz-core/src/mocks/mock_git.rs" line-rate="0.6805555555555556" branch-rate="0" complexity="0"><methods/><lines><line number="28" hits="16"/><line number="30" hits="16"/><line number="31" hits="34"/><line number="32" hits="37"/><line number="33" hits="37"/><line number="34" hits="33"/><line number="35" hits="32"/><line number="36" hits="32"/><line number="37" hits="32"/><line number="38" hits="32"/><line number="43" hits="1"/><line number="44" hits="2"/><line number="45" hits="1"/><line number="49" hits="1"/><line number="50" hits="2"/><line number="51" hits="1"/><line number="55" hits="0"/><line number="56" hits="0"/><line number="57" hits="0"/><line number="60" hits="1"/><line number="61" hits="3"/><line number="62" hits="2"/><line number="66" hits="0"/><line number="67" hits="0"/><line number="68" hits="0"/><line number="69" hits="0"/><line number="71" hits="0"/><line number="76" hits="0"/><line number="77" hits="0"/><line number="80" hits="0"/><line number="81" hits="0"/><line number="84" hits="2"/><line number="85" hits="2"/><line number="86" hits="2"/><line number="90" hits="2"/><line number="91" hits="4"/><line number="92" hits="2"/><line number="96" hits="2"/><line number="97" hits="7"/><line number="100" hits="3"/><line number="101" hits="2"/><line number="107" hits="15"/><line number="108" hits="6"/><line number="111" hits="0"/><line number="112" hits="0"/><line number="113" hits="0"/><line number="114" hits="0"/><line number="115" hits="0"/><line number="118" hits="0"/><line number="119" hits="0"/><line number="121" hits="0"/><line number="122" hits="0"/><line number="123" hits="0"/><line number="124" hits="0"/><line number="129" hits="10"/><line number="130" hits="3"/><line number="131" hits="1"/><line number="133" hits="2"/><line number="134" hits="2"/><line number="135" hits="1"/><line number="139" hits="1"/><line number="141" hits="1"/><line number="145" hits="31"/><line number="151" hits="22"/><line number="154" hits="14"/><line number="155" hits="4"/><line number="156" hits="4"/><line number="158" hits="2"/><line number="159" hits="2"/><line number="161" hits="3"/><line number="164" hits="10"/><line number="165" hits="4"/></lines></class></classes></package><package name="crates/code-viz-cli/src" line-rate="0.2722063037249284" branch-rate="0" complexity="0"><classes><class name="config_loader" filename="crates/code-viz-cli/src/config_loader.rs" line-rate="1" branch-rate="0" complexity="0"><methods/><lines><line number="41" hits="1"/><line number="42" hits="2"/><line number="44" hits="3"/><line number="45" hits="2"/><line number="48" hits="2"/><line number="49" hits="2"/><line number="51" hits="1"/></lines></class><class name="main" filename="crates/code-viz-cli/src/main.rs" line-rate="0" branch-rate="0" complexity="0"><methods/><lines><line number="155" hits="0"/><line number="156" hits="0"/><line number="158" hits="0"/><line number="159" hits="0"/><line number="175" hits="0"/><line number="176" hits="0"/><line number="177" hits="0"/><line number="179" hits="0"/><line number="180" hits="0"/><line number="181" hits="0"/><line number="182" hits="0"/><line number="184" hits="0"/><line number="185" hits="0"/><line number="186" hits="0"/><line number="193" hits="0"/><line number="194" hits="0"/><line number="196" hits="0"/><line number="201" hits="0"/><line number="202" hits="0"/><line number="203" hits="0"/><line number="205" hits="0"/><line number="206" hits="0"/><line number="207" hits="0"/><line number="211" hits="0"/><line number="212" hits="0"/><line number="215" hits="0"/><line number="224" hits="0"/><line number="225" hits="0"/><line number="226" hits="0"/><line number="236" hits="0"/><line number="238" hits="0"/><line number="239" hits="0"/><line number="240" hits="0"/><line number="242" hits="0"/><line number="243" hits="0"/><line number="247" hits="0"/></lines></class></classes></package><package name="crates/code-viz-api/src" line-rate="0.5142857142857142" branch-rate="0" complexity="0"><classes><class name="error" filename="crates/code-viz-api/src/error.rs" line-rate="0" branch-rate="0" complexity="0"><methods/><lines><line number="30" hits="0"/><line number="31" hits="0"/><line number="32" hits="0"/><line number="33" hits="0"/><line number="34" hits="0"/><line number="35" hits="0"/><line number="36" hits="0"/><line number="37" hits="0"/></lines></class><class name="handlers" filename="crates/code-viz-api/src/handlers.rs" line-rate="0.3484848484848485" branch-rate="0" complexity="0"><methods/><lines><line number="61" hits="0"/><line number="79" hits="0"/><line number="82" hits="0"/><line number="83" hits="0"/><line number="84" hits="0"/><line number="85" hits="0"/><line number="88" hits="0"/><line number="91" hits="0"/><line number="92" hits="0"/><line number="93" hits="0"/><line number="96" hits="0"/><line number="99" hits="0"/><line number="100" hits="0"/><line number="101" hits="0"/><line number="107" hits="0"/><line number="108" hits="0"/><line number="109" hits="0"/><line number="110" hits="0"/><line number="111" hits="0"/><line number="112" hits="0"/><line number="113" hits="0"/><line number="115" hits="0"/><line number="116" hits="0"/><line number="119" hits="0"/><line number="121" hits="0"/><line number="130" hits="0"/><line number="134" hits="0"/><line number="135" hits="0"/><line number="136" hits="0"/><line number="137" hits="0"/><line number="139" hits="0"/><line number="140" hits="0"/><line number="143" hits="0"/><line number="145" hits="0"/><line number="153" hits="2"/><line number="166" hits="2"/><line number="169" hits="4"/><line number="170" hits="0"/><line number="171" hits="0"/><line number="172" hits="0"/><line number="175" hits="2"/><line number="178" hits="4"/><line number="179" hits="0"/><line number="180" hits="0"/><line number="183" hits="2"/><line number="186" hits="2"/><line number="187" hits="0"/><line number="188" hits="0"/><line number="193" hits="2"/><line number="194" hits="2"/><line number="195" hits="2"/><line number="196" hits="2"/><line number="197" hits="2"/><line number="198" hits="2"/><line number="199" hits="2"/><line number="201" hits="6"/><line number="202" hits="2"/><line number="204" hits="4"/><line number="206" hits="2"/><line number="209" hits="1"/><line number="222" hits="1"/><line number="224" hits="6"/><line number="225" hits="3"/><line number="226" hits="4"/><line number="228" hits="0"/><line number="230" hits="0"/></lines></class><class name="models" filename="crates/code-viz-api/src/models.rs" line-rate="1" branch-rate="0" complexity="0"><methods/><lines><line number="44" hits="15"/><line number="48" hits="10"/><line number="50" hits="8"/><line number="54" hits="2"/><line number="58" hits="2"/><line number="59" hits="6"/><line number="60" hits="2"/><line number="61" hits="2"/><line number="62" hits="2"/></lines></class><class name="transform" filename="crates/code-viz-api/src/transform.rs" line-rate="1" branch-rate="0" complexity="0"><methods/><lines><line number="56" hits="2"/><line number="58" hits="6"/><line number="59" hits="2"/><line number="63" hits="4"/><line number="71" hits="2"/><line number="73" hits="2"/><line number="74" hits="2"/><line number="75" hits="2"/><line number="76" hits="2"/><line number="77" hits="2"/><line number="78" hits="2"/><line number="79" hits="4"/><line number="80" hits="2"/><line number="81" hits="2"/><line number="82" hits="2"/><line number="83" hits="2"/><line number="84" hits="2"/><line number="85" hits="2"/><line number="86" hits="2"/><line number="87" hits="2"/><line number="88" hits="2"/><line number="89" hits="2"/></lines></class></classes></package><package name="crates/code-viz-cli/tests/fixtures/test-repo/src" line-rate="0" branch-rate="0" complexity="0"><classes></classes></package><package name="crates/code-viz-core/src/analyzer" line-rate="1" branch-rate="0" complexity="0"><classes><class name="ai_commit_analyzer" filename="crates/code-viz-core/src/analyzer/ai_commit_analyzer.rs" line-rate="1" branch-rate="0" complexity="0"><methods/><lines><line number="6" hits="6"/><line number="7" hits="4"/><line number="8" hits="2"/><line number="9" hits="1"/><line number="10" hits="1"/><line number="11" hits="1"/><line number="13" hits="1"/><line number="14" hits="1"/><line number="21" hits="3"/><line number="22" hits="1"/><line number="23" hits="1"/><line number="25" hits="2"/><line number="26" hits="2"/><line number="27" hits="1"/><line number="28" hits="2"/><line number="32" hits="1"/><line number="33" hits="2"/><line number="34" hits="1"/><line number="35" hits="2"/><line number="39" hits="1"/><line number="40" hits="1"/><line number="41" hits="2"/><line number="42" hits="1"/><line number="43" hits="1"/><line number="47" hits="1"/><line number="49" hits="1"/><line number="50" hits="1"/><line number="51" hits="1"/></lines></class></classes></package><package name="crates/code-viz-dead-code/tests" line-rate="0" branch-rate="0" complexity="0"><classes></classes></package><package name="crates/code-viz-api/tests" line-rate="0" branch-rate="0" complexity="0"><classes></classes></package><package name="crates/code-viz-web/src" line-rate="0.04477611940298507" branch-rate="0" complexity="0"><classes><class name="context" filename="crates/code-viz-web/src/context.rs" line-rate="0.375" branch-rate="0" complexity="0"><methods/><lines><line number="26" hits="10"/><line number="31" hits="6"/><line number="32" hits="2"/><line number="35" hits="0"/><line number="37" hits="0"/><line number="40" hits="0"/><line number="41" hits="0"/><line number="43" hits="0"/></lines></class><class name="main" filename="crates/code-viz-web/src/main.rs" line-rate="0" branch-rate="0" complexity="0"><methods/><lines><line number="29" hits="0"/><line number="31" hits="0"/><line number="33" hits="0"/><line number="34" hits="0"/><line number="36" hits="0"/><line number="40" hits="0"/><line number="41" hits="0"/><line number="42" hits="0"/><line number="43" hits="0"/><line number="46" hits="0"/><line number="47" hits="0"/><line number="50" hits="0"/><line number="51" hits="0"/><line number="52" hits="0"/><line number="54" hits="0"/><line number="55" hits="0"/><line number="56" hits="0"/><line number="57" hits="0"/><line number="59" hits="0"/><line number="62" hits="0"/><line number="63" hits="0"/><line number="64" hits="0"/><line number="65" hits="0"/><line number="66" hits="0"/><line number="67" hits="0"/><line number="68" hits="0"/><line number="69" hits="0"/><line number="71" hits="0"/><line number="72" hits="0"/><line number="74" hits="0"/></lines></class><class name="routes" filename="crates/code-viz-web/src/routes.rs" line-rate="0" branch-rate="0" complexity="0"><methods/><lines><line number="48" hits="0"/><line number="49" hits="0"/><line number="55" hits="0"/><line number="56" hits="0"/><line number="57" hits="0"/><line number="58" hits="0"/><line number="59" hits="0"/><line number="60" hits="0"/><line number="61" hits="0"/><line number="62" hits="0"/><line number="65" hits="0"/><line number="66" hits="0"/><line number="69" hits="0"/><line number="77" hits="0"/><line number="80" hits="0"/><line number="82" hits="0"/><line number="83" hits="0"/><line number="86" hits="0"/><line number="87" hits="0"/><line number="89" hits="0"/><line number="96" hits="0"/><line number="99" hits="0"/><line number="106" hits="0"/><line number="107" hits="0"/><line number="108" hits="0"/><line number="111" hits="0"/><line number="113" hits="0"/><line number="117" hits="0"/><line number="118" hits="0"/></lines></class></classes></package><package name="crates/code-viz-cli/src/commands" line-rate="0" branch-rate="0" complexity="0"><classes><class name="analyze" filename="crates/code-viz-cli/src/commands/analyze.rs" line-rate="0" branch-rate="0" complexity="0"><methods/><lines><line number="66" hits="0"/><line number="70" hits="0"/><line number="71" hits="0"/><line number="73" hits="0"/><line number="74" hits="0"/><line number="75" hits="0"/><line number="76" hits="0"/><line number="77" hits="0"/><line number="78" hits="0"/><line number="80" hits="0"/><line number="83" hits="0"/><line number="84" hits="0"/><line number="85" hits="0"/><line number="86" hits="0"/><line number="89" hits="0"/><line number="90" hits="0"/><line number="91" hits="0"/><line number="92" hits="0"/><line number="93" hits="0"/><line number="94" hits="0"/><line number="95" hits="0"/><line number="97" hits="0"/><line number="98" hits="0"/><line number="101" hits="0"/><line number="102" hits="0"/><line number="103" hits="0"/><line number="106" hits="0"/><line number="108" hits="0"/><line number="109" hits="0"/><line number="110" hits="0"/><line number="111" hits="0"/><line number="113" hits="0"/><line number="114" hits="0"/><line number="116" hits="0"/><line number="117" hits="0"/><line number="120" hits="0"/><line number="121" hits="0"/><line number="122" hits="0"/><line number="125" hits="0"/><line number="127" hits="0"/><line number="128" hits="0"/><line number="129" hits="0"/><line number="131" hits="0"/><line number="132" hits="0"/><line number="134" hits="0"/><line number="135" hits="0"/><line number="138" hits="0"/><line number="139" hits="0"/><line number="140" hits="0"/><line number="143" hits="0"/><line number="146" hits="0"/><line number="147" hits="0"/><line number="148" hits="0"/><line number="150" hits="0"/><line number="153" hits="0"/><line number="154" hits="0"/><line number="155" hits="0"/><line number="157" hits="0"/><line number="158" hits="0"/><line number="159" hits="0"/><line number="161" hits="0"/><line number="164" hits="0"/><line number="168" hits="0"/><line number="174" hits="0"/><line number="175" hits="0"/><line number="178" hits="0"/><line number="179" hits="0"/><line number="180" hits="0"/><line number="181" hits="0"/><line number="183" hits="0"/><line number="185" hits="0"/><line number="188" hits="0"/><line number="189" hits="0"/><line number="190" hits="0"/><line number="191" hits="0"/><line number="195" hits="0"/><line number="199" hits="0"/><line number="200" hits="0"/><line number="201" hits="0"/><line number="202" hits="0"/><line number="205" hits="0"/><line number="209" hits="0"/><line number="210" hits="0"/><line number="211" hits="0"/><line number="215" hits="0"/><line number="216" hits="0"/><line number="217" hits="0"/><line number="218" hits="0"/><line number="219" hits="0"/><line number="220" hits="0"/><line number="221" hits="0"/><line number="225" hits="0"/><line number="230" hits="0"/><line number="231" hits="0"/><line number="232" hits="0"/><line number="233" hits="0"/><line number="235" hits="0"/><line number="236" hits="0"/><line number="238" hits="0"/><line number="239" hits="0"/><line number="240" hits="0"/><line number="242" hits="0"/><line number="245" hits="0"/><line number="250" hits="0"/><line number="251" hits="0"/><line number="252" hits="0"/><line number="255" hits="0"/><line number="258" hits="0"/><line number="259" hits="0"/><line number="260" hits="0"/><line number="261" hits="0"/><line number="264" hits="0"/><line number="267" hits="0"/><line number="268" hits="0"/><line number="269" hits="0"/><line number="270" hits="0"/><line number="273" hits="0"/><line number="274" hits="0"/><line number="275" hits="0"/><line number="276" hits="0"/><line number="278" hits="0"/><line number="281" hits="0"/><line number="282" hits="0"/><line number="283" hits="0"/><line number="284" hits="0"/><line number="287" hits="0"/><line number="288" hits="0"/><line number="289" hits="0"/><line number="290" hits="0"/><line number="292" hits="0"/><line number="295" hits="0"/><line number="298" hits="0"/><line number="301" hits="0"/><line number="306" hits="0"/><line number="309" hits="0"/><line number="310" hits="0"/><line number="314" hits="0"/><line number="315" hits="0"/><line number="316" hits="0"/><line number="317" hits="0"/><line number="318" hits="0"/><line number="325" hits="0"/><line number="326" hits="0"/><line number="329" hits="0"/><line number="330" hits="0"/><line number="332" hits="0"/><line number="335" hits="0"/><line number="336" hits="0"/><line number="337" hits="0"/></lines></class><class name="compare" filename="crates/code-viz-cli/src/commands/compare.rs" line-rate="0" branch-rate="0" complexity="0"><methods/><lines><line number="16" hits="0"/><line number="17" hits="0"/><line number="18" hits="0"/><line number="19" hits="0"/><line number="23" hits="0"/><line number="36" hits="0"/><line number="37" hits="0"/><line number="38" hits="0"/><line number="39" hits="0"/><line number="41" hits="0"/><line number="43" hits="0"/><line number="44" hits="0"/><line number="45" hits="0"/><line number="46" hits="0"/><line number="47" hits="0"/><line number="50" hits="0"/><line number="51" hits="0"/><line number="52" hits="0"/><line number="53" hits="0"/><line number="54" hits="0"/><line number="57" hits="0"/><line number="60" hits="0"/><line number="61" hits="0"/><line number="62" hits="0"/><line number="65" hits="0"/><line number="67" hits="0"/><line number="70" hits="0"/><line number="71" hits="0"/><line number="72" hits="0"/><line number="73" hits="0"/><line number="74" hits="0"/><line number="76" hits="0"/></lines></class><class name="config" filename="crates/code-viz-cli/src/commands/config.rs" line-rate="0" branch-rate="0" complexity="0"><methods/><lines><line number="29" hits="0"/><line number="30" hits="0"/><line number="32" hits="0"/><line number="33" hits="0"/><line number="36" hits="0"/><line number="37" hits="0"/><line number="38" hits="0"/><line number="40" hits="0"/></lines></class><class name="dead_code" filename="crates/code-viz-cli/src/commands/dead_code.rs" line-rate="0" branch-rate="0" complexity="0"><methods/><lines><line number="31" hits="0"/><line number="37" hits="0"/><line number="38" hits="0"/><line number="39" hits="0"/><line number="40" hits="0"/><line number="41" hits="0"/><line number="42" hits="0"/><line number="43" hits="0"/><line number="44" hits="0"/><line number="46" hits="0"/><line number="47" hits="0"/><line number="48" hits="0"/><line number="50" hits="0"/><line number="52" hits="0"/><line number="55" hits="0"/><line number="56" hits="0"/><line number="57" hits="0"/><line number="60" hits="0"/><line number="61" hits="0"/><line number="63" hits="0"/><line number="67" hits="0"/><line number="68" hits="0"/><line number="72" hits="0"/><line number="73" hits="0"/><line number="74" hits="0"/><line number="78" hits="0"/><line number="79" hits="0"/><line number="80" hits="0"/><line number="82" hits="0"/><line number="85" hits="0"/><line number="88" hits="0"/><line number="92" hits="0"/><line number="93" hits="0"/><line number="94" hits="0"/><line number="97" hits="0"/><line number="98" hits="0"/><line number="101" hits="0"/><line number="102" hits="0"/><line number="104" hits="0"/><line number="106" hits="0"/><line number="107" hits="0"/><line number="112" hits="0"/><line number="115" hits="0"/><line number="116" hits="0"/><line number="118" hits="0"/><line number="120" hits="0"/><line number="121" hits="0"/><line number="125" hits="0"/><line number="129" hits="0"/><line number="136" hits="0"/><line number="139" hits="0"/><line number="140" hits="0"/><line number="141" hits="0"/><line number="144" hits="0"/><line number="147" hits="0"/><line number="152" hits="0"/><line number="153" hits="0"/><line number="154" hits="0"/><line number="155" hits="0"/><line number="160" hits="0"/><line number="165" hits="0"/><line number="170" hits="0"/><line number="175" hits="0"/><line number="180" hits="0"/><line number="183" hits="0"/><line number="185" hits="0"/><line number="187" hits="0"/><line number="188" hits="0"/><line number="189" hits="0"/><line number="193" hits="0"/><line number="194" hits="0"/><line number="195" hits="0"/><line number="197" hits="0"/><line number="198" hits="0"/><line number="199" hits="0"/><line number="200" hits="0"/><line number="201" hits="0"/><line number="202" hits="0"/><line number="204" hits="0"/><line number="210" hits="0"/><line number="211" hits="0"/><line number="212" hits="0"/><line number="213" hits="0"/><line number="214" hits="0"/><line number="218" hits="0"/><line number="221" hits="0"/><line number="227" hits="0"/><line number="231" hits="0"/><line number="232" hits="0"/><line number="233" hits="0"/><line number="234" hits="0"/><line number="235" hits="0"/><line number="239" hits="0"/><line number="242" hits="0"/><line number="248" hits="0"/><line number="252" hits="0"/><line number="253" hits="0"/><line number="254" hits="0"/><line number="255" hits="0"/><line number="256" hits="0"/><line number="260" hits="0"/><line number="263" hits="0"/><line number="269" hits="0"/><line number="272" hits="0"/></lines></class><class name="diff" filename="crates/code-viz-cli/src/commands/diff.rs" line-rate="0" branch-rate="0" complexity="0"><methods/><lines><line number="17" hits="0"/><line number="18" hits="0"/><line number="19" hits="0"/><line number="20" hits="0"/><line number="21" hits="0"/><line number="23" hits="0"/><line number="24" hits="0"/><line number="26" hits="0"/><line number="27" hits="0"/><line number="29" hits="0"/><line number="30" hits="0"/><line number="31" hits="0"/><line number="32" hits="0"/><line number="33" hits="0"/><line number="35" hits="0"/><line number="36" hits="0"/><line number="37" hits="0"/><line number="39" hits="0"/><line number="40" hits="0"/><line number="41" hits="0"/><line number="42" hits="0"/><line number="44" hits="0"/><line number="45" hits="0"/><line number="46" hits="0"/><line number="47" hits="0"/><line number="48" hits="0"/><line number="55" hits="0"/><line number="56" hits="0"/><line number="57" hits="0"/><line number="61" hits="0"/><line number="62" hits="0"/><line number="63" hits="0"/><line number="64" hits="0"/><line number="66" hits="0"/><line number="67" hits="0"/><line number="68" hits="0"/><line number="70" hits="0"/><line number="71" hits="0"/><line number="72" hits="0"/><line number="73" hits="0"/><line number="74" hits="0"/><line number="76" hits="0"/><line number="78" hits="0"/><line number="80" hits="0"/><line number="81" hits="0"/><line number="82" hits="0"/><line number="83" hits="0"/><line number="84" hits="0"/><line number="88" hits="0"/></lines></class><class name="timeline" filename="crates/code-viz-cli/src/commands/timeline.rs" line-rate="0" branch-rate="0" complexity="0"><methods/><lines><line number="5" hits="0"/><line number="10" hits="0"/><line number="11" hits="0"/><line number="12" hits="0"/><line number="13" hits="0"/></lines></class><class name="watch" filename="crates/code-viz-cli/src/commands/watch.rs" line-rate="0" branch-rate="0" complexity="0"><methods/><lines><line number="33" hits="0"/><line number="35" hits="0"/><line number="36" hits="0"/><line number="37" hits="0"/><line number="39" hits="0"/><line number="41" hits="0"/><line number="44" hits="0"/><line number="45" hits="0"/><line number="46" hits="0"/><line number="47" hits="0"/><line number="48" hits="0"/><line number="49" hits="0"/><line number="54" hits="0"/><line number="55" hits="0"/><line number="57" hits="0"/><line number="58" hits="0"/><line number="59" hits="0"/><line number="62" hits="0"/><line number="65" hits="0"/><line number="66" hits="0"/><line number="68" hits="0"/><line number="69" hits="0"/><line number="73" hits="0"/><line number="74" hits="0"/><line number="75" hits="0"/><line number="78" hits="0"/><line number="79" hits="0"/><line number="83" hits="0"/><line number="86" hits="0"/><line number="89" hits="0"/><line number="90" hits="0"/><line number="93" hits="0"/><line number="94" hits="0"/><line number="95" hits="0"/><line number="97" hits="0"/><line number="104" hits="0"/><line number="106" hits="0"/><line number="107" hits="0"/><line number="108" hits="0"/><line number="109" hits="0"/><line number="111" hits="0"/><line number="112" hits="0"/><line number="114" hits="0"/><line number="115" hits="0"/><line number="116" hits="0"/><line number="117" hits="0"/><line number="118" hits="0"/><line number="125" hits="0"/><line number="126" hits="0"/><line number="129" hits="0"/><line number="133" hits="0"/><line number="137" hits="0"/><line number="140" hits="0"/><line number="141" hits="0"/><line number="143" hits="0"/><line number="144" hits="0"/><line number="145" hits="0"/><line number="146" hits="0"/><line number="154" hits="0"/><line number="160" hits="0"/><line number="162" hits="0"/><line number="164" hits="0"/><line number="166" hits="0"/><line number="167" hits="0"/><line number="168" hits="0"/><line number="169" hits="0"/><line number="170" hits="0"/><line number="173" hits="0"/><line number="174" hits="0"/><line number="176" hits="0"/><line number="179" hits="0"/><line number="181" hits="0"/><line number="189" hits="0"/><line number="191" hits="0"/><line number="192" hits="0"/><line number="197" hits="0"/><line number="198" hits="0"/><line number="199" hits="0"/><line number="200" hits="0"/><line number="202" hits="0"/><line number="207" hits="0"/><line number="209" hits="0"/><line number="210" hits="0"/><line number="212" hits="0"/><line number="213" hits="0"/><line number="217" hits="0"/><line number="220" hits="0"/><line number="221" hits="0"/><line number="223" hits="0"/><line number="224" hits="0"/><line number="231" hits="0"/><line number="243" hits="0"/><line number="246" hits="0"/><line number="247" hits="0"/><line number="251" hits="0"/></lines></class></classes></package><package name="crates/code-viz-api" line-rate="0.5142857142857142" branch-rate="0" complexity="0"><classes></classes></package><package name="crates/code-viz-core/src" line-rate="0.777431906614786" branch-rate="0" complexity="0"><classes><class name="analyzer" filename="crates/code-viz-core/src/analyzer.rs" line-rate="0.3142857142857143" branch-rate="0" complexity="0"><methods/><lines><line number="14" hits="0"/><line number="15" hits="0"/><line number="17" hits="0"/><line number="18" hits="0"/><line number="19" hits="0"/><line number="22" hits="0"/><line number="23" hits="0"/><line number="24" hits="0"/><line number="25" hits="0"/><line number="26" hits="0"/><line number="27" hits="0"/><line number="28" hits="0"/><line number="29" hits="0"/><line number="30" hits="0"/><line number="33" hits="0"/><line number="35" hits="0"/><line number="36" hits="0"/><line number="38" hits="0"/><line number="39" hits="0"/><line number="40" hits="0"/><line number="42" hits="0"/><line number="43" hits="0"/><line number="45" hits="0"/><line number="47" hits="0"/><line number="51" hits="4"/><line number="52" hits="14"/><line number="54" hits="4"/><line number="55" hits="18"/><line number="56" hits="15"/><line number="58" hits="10"/><line number="66" hits="10"/><line number="67" hits="20"/><line number="69" hits="5"/><line number="72" hits="12"/><line number="75" hits="12"/></lines></class><class name="cache" filename="crates/code-viz-core/src/cache.rs" line-rate="0" branch-rate="0" complexity="0"><methods/><lines><line number="10" hits="0"/><line number="14" hits="0"/><line number="18" hits="0"/><line number="22" hits="0"/></lines></class><class name="coupling" filename="crates/code-viz-core/src/coupling.rs" line-rate="0.92" branch-rate="0" complexity="0"><methods/><lines><line number="30" hits="8"/><line number="35" hits="22"/><line number="36" hits="20"/><line number="37" hits="0"/><line number="38" hits="0"/><line number="40" hits="0"/><line number="43" hits="28"/><line number="44" hits="35"/><line number="45" hits="8"/><line number="46" hits="0"/><line number="47" hits="0"/><line number="49" hits="0"/><line number="52" hits="14"/><line number="54" hits="12"/><line number="55" hits="28"/><line number="56" hits="12"/><line number="57" hits="7"/><line number="58" hits="5"/><line number="59" hits="8"/><line number="62" hits="7"/><line number="65" hits="9"/><line number="70" hits="9"/><line number="71" hits="47"/><line number="74" hits="20"/><line number="75" hits="31"/><line number="76" hits="18"/><line number="80" hits="29"/><line number="81" hits="8"/><line number="85" hits="25"/><line number="86" hits="20"/><line number="87" hits="21"/><line number="88" hits="12"/><line number="92" hits="14"/><line number="93" hits="9"/><line number="101" hits="7"/><line number="102" hits="9"/><line number="103" hits="9"/><line number="104" hits="11"/><line number="106" hits="12"/><line number="110" hits="16"/><line number="111" hits="7"/><line number="112" hits="7"/><line number="113" hits="22"/><line number="115" hits="6"/><line number="117" hits="21"/><line number="120" hits="17"/><line number="121" hits="6"/><line number="123" hits="10"/><line number="126" hits="7"/><line number="129" hits="8"/><line number="439" hits="9"/><line number="440" hits="11"/><line number="441" hits="13"/><line number="442" hits="3"/><line number="443" hits="4"/><line number="445" hits="8"/><line number="448" hits="19"/><line number="449" hits="9"/><line number="450" hits="12"/><line number="451" hits="23"/><line number="455" hits="0"/><line number="465" hits="7"/><line number="468" hits="9"/><line number="475" hits="10"/><line number="476" hits="24"/><line number="478" hits="20"/><line number="479" hits="40"/><line number="480" hits="12"/><line number="482" hits="12"/><line number="483" hits="3"/><line number="484" hits="2"/><line number="485" hits="2"/><line number="486" hits="4"/><line number="487" hits="2"/><line number="489" hits="4"/><line number="490" hits="2"/><line number="497" hits="17"/><line number="498" hits="4"/><line number="499" hits="4"/><line number="500" hits="8"/><line number="501" hits="4"/><line number="503" hits="8"/><line number="504" hits="2"/><line number="509" hits="21"/><line number="510" hits="9"/><line number="512" hits="7"/><line number="513" hits="19"/><line number="514" hits="17"/><line number="515" hits="9"/><line number="516" hits="9"/><line number="517" hits="9"/><line number="518" hits="9"/><line number="520" hits="0"/><line number="523" hits="29"/><line number="524" hits="20"/><line number="525" hits="19"/><line number="526" hits="9"/><line number="527" hits="5"/><line number="531" hits="5"/><line number="535" hits="6"/></lines></class><class name="coverage" filename="crates/code-viz-core/src/coverage.rs" line-rate="0.5161290322580645" branch-rate="0" complexity="0"><methods/><lines><line number="68" hits="3"/><line number="69" hits="9"/><line number="72" hits="1"/><line number="74" hits="3"/><line number="75" hits="3"/><line number="76" hits="2"/><line number="78" hits="1"/><line number="79" hits="1"/><line number="80" hits="1"/><line number="81" hits="3"/><line number="83" hits="1"/><line number="87" hits="1"/><line number="92" hits="3"/><line number="93" hits="9"/><line number="96" hits="1"/><line number="98" hits="3"/><line number="99" hits="2"/><line number="100" hits="2"/><line number="101" hits="1"/><line number="102" hits="1"/><line number="103" hits="1"/><line number="105" hits="0"/><line number="114" hits="1"/><line number="117" hits="1"/><line number="122" hits="1"/><line number="123" hits="1"/><line number="128" hits="3"/><line number="129" hits="1"/><line number="132" hits="1"/><line number="136" hits="0"/><line number="140" hits="0"/><line number="142" hits="0"/><line number="143" hits="0"/><line number="148" hits="0"/><line number="149" hits="0"/><line number="150" hits="0"/><line number="155" hits="0"/><line number="156" hits="0"/><line number="157" hits="0"/><line number="158" hits="0"/><line number="167" hits="0"/><line number="170" hits="0"/><line number="173" hits="0"/><line number="174" hits="0"/><line number="177" hits="0"/><line number="179" hits="0"/><line number="180" hits="0"/><line number="183" hits="0"/><line number="185" hits="0"/><line number="186" hits="0"/><line number="189" hits="0"/><line number="190" hits="0"/><line number="192" hits="0"/><line number="195" hits="0"/><line number="196" hits="0"/><line number="199" hits="0"/><line number="204" hits="2"/><line number="206" hits="2"/><line number="207" hits="0"/><line number="211" hits="2"/><line number="212" hits="0"/><line number="215" hits="2"/></lines></class><class name="duplication" filename="crates/code-viz-core/src/duplication.rs" line-rate="0.9523809523809523" branch-rate="0" complexity="0"><methods/><lines><line number="22" hits="12"/><line number="29" hits="13"/><line number="34" hits="12"/><line number="35" hits="7"/><line number="36" hits="6"/><line number="44" hits="13"/><line number="51" hits="37"/><line number="52" hits="38"/><line number="53" hits="12"/><line number="55" hits="12"/><line number="56" hits="0"/><line number="57" hits="0"/><line number="60" hits="1"/><line number="66" hits="11"/><line number="67" hits="12"/><line number="68" hits="12"/><line number="69" hits="23"/><line number="70" hits="11"/><line number="71" hits="0"/><line number="74" hits="0"/><line number="77" hits="22"/><line number="78" hits="12"/><line number="79" hits="0"/><line number="85" hits="16"/><line number="88" hits="11"/><line number="89" hits="12"/><line number="90" hits="23"/><line number="92" hits="23"/><line number="93" hits="23"/><line number="94" hits="23"/><line number="95" hits="11"/><line number="97" hits="21"/><line number="98" hits="21"/><line number="99" hits="21"/><line number="101" hits="4"/><line number="102" hits="9"/><line number="103" hits="12"/><line number="105" hits="5"/><line number="109" hits="8"/><line number="111" hits="7"/><line number="112" hits="4"/><line number="119" hits="23"/><line number="120" hits="11"/><line number="121" hits="10"/><line number="126" hits="3"/><line number="129" hits="7"/><line number="130" hits="4"/><line number="131" hits="8"/><line number="133" hits="12"/><line number="134" hits="12"/><line number="135" hits="8"/><line number="139" hits="4"/><line number="142" hits="20"/><line number="143" hits="4"/><line number="144" hits="8"/><line number="148" hits="8"/><line number="149" hits="4"/><line number="152" hits="12"/><line number="153" hits="8"/><line number="154" hits="4"/><line number="158" hits="4"/><line number="161" hits="3"/><line number="162" hits="4"/><line number="164" hits="3"/><line number="166" hits="3"/><line number="167" hits="3"/><line number="169" hits="3"/><line number="172" hits="3"/><line number="176" hits="4"/><line number="177" hits="7"/><line number="178" hits="11"/><line number="179" hits="3"/><line number="180" hits="3"/><line number="182" hits="8"/><line number="185" hits="4"/><line number="188" hits="4"/><line number="192" hits="3"/><line number="194" hits="19"/><line number="195" hits="6"/><line number="196" hits="4"/><line number="197" hits="2"/><line number="198" hits="4"/><line number="199" hits="3"/><line number="200" hits="2"/><line number="201" hits="2"/><line number="203" hits="4"/><line number="209" hits="3"/><line number="212" hits="3"/><line number="216" hits="3"/><line number="217" hits="14"/><line number="219" hits="7"/><line number="220" hits="8"/><line number="221" hits="2"/><line number="222" hits="3"/><line number="224" hits="3"/><line number="225" hits="3"/><line number="226" hits="1"/><line number="232" hits="1"/><line number="238" hits="3"/><line number="241" hits="3"/><line number="242" hits="3"/><line number="243" hits="3"/><line number="245" hits="5"/><line number="246" hits="0"/><line number="249" hits="2"/><line number="251" hits="3"/><line number="252" hits="3"/><line number="254" hits="3"/><line number="257" hits="1"/><line number="264" hits="1"/><line number="266" hits="3"/><line number="269" hits="1"/><line number="270" hits="1"/><line number="271" hits="1"/><line number="272" hits="1"/><line number="273" hits="1"/><line number="275" hits="1"/><line number="281" hits="1"/><line number="284" hits="4"/><line number="285" hits="4"/><line number="286" hits="8"/><line number="287" hits="6"/><line number="288" hits="6"/><line number="290" hits="3"/><line number="291" hits="2"/><line number="294" hits="4"/></lines></class><class name="error" filename="crates/code-viz-core/src/error.rs" line-rate="0.8888888888888888" branch-rate="0" complexity="0"><methods/><lines><line number="188" hits="8"/><line number="191" hits="9"/><line number="193" hits="8"/><line number="203" hits="12"/><line number="204" hits="14"/><line number="206" hits="14"/><line number="218" hits="5"/><line number="219" hits="5"/><line number="221" hits="5"/><line number="233" hits="5"/><line number="236" hits="7"/><line number="246" hits="16"/><line number="248" hits="20"/><line number="249" hits="16"/><line number="261" hits="4"/><line number="267" hits="4"/><line number="268" hits="4"/><line number="269" hits="8"/><line number="278" hits="7"/><line number="280" hits="7"/><line number="290" hits="4"/><line number="292" hits="4"/><line number="303" hits="5"/><line number="308" hits="6"/><line number="309" hits="6"/><line number="318" hits="7"/><line number="320" hits="8"/><line number="341" hits="6"/><line number="345" hits="6"/><line number="352" hits="4"/><line number="354" hits="4"/><line number="355" hits="4"/><line number="362" hits="0"/><line number="364" hits="0"/><line number="365" hits="0"/><line number="367" hits="0"/></lines></class><class name="error_ext" filename="crates/code-viz-core/src/error_ext.rs" line-rate="1" branch-rate="0" complexity="0"><methods/><lines><line number="79" hits="2"/><line number="83" hits="3"/><line number="84" hits="1"/><line number="85" hits="1"/><line number="106" hits="2"/><line number="137" hits="1"/><line number="138" hits="1"/><line number="160" hits="1"/></lines></class><class name="hotspot" filename="crates/code-viz-core/src/hotspot.rs" line-rate="1" branch-rate="0" complexity="0"><methods/><lines><line number="14" hits="5"/><line number="18" hits="17"/><line number="19" hits="15"/><line number="20" hits="8"/><line number="21" hits="34"/><line number="22" hits="49"/><line number="24" hits="15"/><line number="25" hits="19"/><line number="27" hits="55"/><line number="28" hits="50"/><line number="30" hits="19"/><line number="33" hits="16"/><line number="34" hits="22"/><line number="35" hits="14"/><line number="37" hits="3"/><line number="41" hits="16"/><line number="47" hits="19"/><line number="48" hits="16"/><line number="50" hits="19"/><line number="51" hits="18"/><line number="52" hits="14"/><line number="54" hits="56"/><line number="55" hits="14"/><line number="56" hits="14"/><line number="58" hits="19"/><line number="59" hits="14"/><line number="70" hits="6"/><line number="71" hits="10"/><line number="73" hits="31"/><line number="76" hits="13"/><line number="77" hits="4"/><line number="78" hits="4"/><line number="83" hits="29"/><line number="85" hits="16"/><line number="87" hits="35"/><line number="88" hits="19"/><line number="92" hits="38"/><line number="93" hits="15"/><line number="94" hits="6"/><line number="95" hits="15"/><line number="98" hits="3"/><line number="102" hits="5"/></lines></class><class name="metrics" filename="crates/code-viz-core/src/metrics.rs" line-rate="0.9831932773109243" branch-rate="0" complexity="0"><methods/><lines><line number="11" hits="9"/><line number="15" hits="24"/><line number="16" hits="10"/><line number="17" hits="26"/><line number="18" hits="11"/><line number="19" hits="0"/><line number="20" hits="0"/><line number="23" hits="11"/><line number="25" hits="10"/><line number="36" hits="11"/><line number="40" hits="10"/><line number="44" hits="12"/><line number="45" hits="10"/><line number="47" hits="12"/><line number="50" hits="10"/><line number="51" hits="17"/><line number="54" hits="15"/><line number="57" hits="31"/><line number="58" hits="31"/><line number="59" hits="36"/><line number="60" hits="29"/><line number="61" hits="33"/><line number="63" hits="16"/><line number="64" hits="13"/><line number="72" hits="89"/><line number="73" hits="18"/><line number="74" hits="10"/><line number="75" hits="11"/><line number="81" hits="22"/><line number="82" hits="14"/><line number="85" hits="50"/><line number="86" hits="44"/><line number="87" hits="12"/><line number="89" hits="15"/><line number="93" hits="15"/><line number="97" hits="10"/><line number="98" hits="16"/><line number="99" hits="22"/><line number="105" hits="16"/><line number="106" hits="17"/><line number="107" hits="35"/><line number="108" hits="52"/><line number="109" hits="73"/><line number="112" hits="8"/><line number="115" hits="14"/><line number="116" hits="13"/><line number="117" hits="16"/><line number="119" hits="48"/><line number="120" hits="32"/><line number="123" hits="20"/><line number="129" hits="9"/><line number="131" hits="10"/><line number="136" hits="32"/><line number="137" hits="12"/><line number="138" hits="5"/><line number="143" hits="33"/><line number="144" hits="1"/><line number="148" hits="35"/><line number="151" hits="16"/><line number="154" hits="23"/><line number="160" hits="14"/><line number="161" hits="46"/><line number="162" hits="27"/><line number="164" hits="55"/><line number="165" hits="12"/><line number="167" hits="50"/><line number="168" hits="12"/><line number="170" hits="32"/><line number="171" hits="24"/><line number="172" hits="4"/><line number="173" hits="2"/><line number="175" hits="2"/><line number="179" hits="12"/><line number="182" hits="36"/><line number="184" hits="24"/><line number="185" hits="16"/><line number="186" hits="42"/><line number="194" hits="15"/><line number="195" hits="23"/><line number="196" hits="17"/><line number="197" hits="24"/><line number="198" hits="17"/><line number="202" hits="23"/><line number="203" hits="31"/><line number="205" hits="54"/><line number="206" hits="23"/><line number="212" hits="53"/><line number="213" hits="23"/><line number="217" hits="10"/><line number="220" hits="6"/><line number="224" hits="10"/><line number="225" hits="6"/><line number="226" hits="10"/><line number="233" hits="23"/><line number="238" hits="54"/><line number="239" hits="11"/><line number="240" hits="6"/><line number="241" hits="9"/><line number="243" hits="2"/><line number="246" hits="23"/><line number="249" hits="23"/><line number="250" hits="32"/><line number="253" hits="23"/><line number="254" hits="32"/><line number="257" hits="13"/><line number="261" hits="54"/><line number="262" hits="37"/><line number="263" hits="21"/><line number="264" hits="2"/><line number="265" hits="10"/><line number="269" hits="6"/><line number="272" hits="6"/><line number="273" hits="11"/><line number="274" hits="6"/><line number="277" hits="16"/><line number="278" hits="16"/><line number="281" hits="12"/><line number="282" hits="19"/><line number="284" hits="2"/></lines></class><class name="models" filename="crates/code-viz-core/src/models.rs" line-rate="0" branch-rate="0" complexity="0"><methods/><lines><line number="158" hits="0"/><line number="160" hits="0"/></lines></class><class name="parser" filename="crates/code-viz-core/src/parser.rs" line-rate="0.9289940828402367" branch-rate="0" complexity="0"><methods/><lines><line number="15" hits="56"/><line number="19" hits="29"/><line number="20" hits="130"/><line number="22" hits="73"/><line number="23" hits="56"/><line number="24" hits="162"/><line number="25" hits="41"/><line number="26" hits="0"/><line number="27" hits="0"/><line number="29" hits="81"/><line number="30" hits="63"/><line number="31" hits="0"/><line number="32" hits="0"/><line number="35" hits="166"/><line number="36" hits="42"/><line number="42" hits="11"/><line number="45" hits="16"/><line number="46" hits="29"/><line number="48" hits="13"/><line number="49" hits="25"/><line number="51" hits="10"/><line number="53" hits="19"/><line number="55" hits="5"/><line number="56" hits="5"/><line number="58" hits="5"/><line number="61" hits="19"/><line number="62" hits="38"/><line number="64" hits="18"/><line number="66" hits="24"/><line number="68" hits="4"/><line number="69" hits="4"/><line number="71" hits="4"/><line number="74" hits="26"/><line number="75" hits="42"/><line number="76" hits="29"/><line number="83" hits="1"/><line number="86" hits="2"/><line number="87" hits="2"/><line number="89" hits="2"/><line number="90" hits="2"/><line number="92" hits="2"/><line number="94" hits="4"/><line number="96" hits="2"/><line number="97" hits="2"/><line number="99" hits="2"/><line number="102" hits="2"/><line number="103" hits="4"/><line number="105" hits="0"/><line number="107" hits="0"/><line number="109" hits="0"/><line number="110" hits="0"/><line number="112" hits="0"/><line number="115" hits="0"/><line number="116" hits="0"/><line number="117" hits="0"/><line number="124" hits="3"/><line number="127" hits="6"/><line number="128" hits="6"/><line number="130" hits="6"/><line number="131" hits="6"/><line number="133" hits="4"/><line number="135" hits="7"/><line number="137" hits="3"/><line number="138" hits="3"/><line number="140" hits="3"/><line number="143" hits="4"/><line number="144" hits="8"/><line number="146" hits="1"/><line number="148" hits="2"/><line number="150" hits="1"/><line number="151" hits="1"/><line number="153" hits="1"/><line number="156" hits="1"/><line number="157" hits="2"/><line number="158" hits="1"/><line number="165" hits="12"/><line number="168" hits="30"/><line number="169" hits="32"/><line number="171" hits="22"/><line number="172" hits="15"/><line number="174" hits="15"/><line number="176" hits="25"/><line number="178" hits="10"/><line number="179" hits="10"/><line number="181" hits="10"/><line number="184" hits="16"/><line number="185" hits="32"/><line number="187" hits="13"/><line number="189" hits="21"/><line number="191" hits="8"/><line number="192" hits="8"/><line number="194" hits="8"/><line number="197" hits="13"/><line number="198" hits="26"/><line number="199" hits="21"/><line number="206" hits="4"/><line number="209" hits="8"/><line number="210" hits="9"/><line number="212" hits="8"/><line number="213" hits="8"/><line number="215" hits="4"/><line number="217" hits="8"/><line number="219" hits="4"/><line number="220" hits="4"/><line number="222" hits="4"/><line number="225" hits="4"/><line number="226" hits="8"/><line number="228" hits="3"/><line number="230" hits="6"/><line number="232" hits="3"/><line number="233" hits="3"/><line number="235" hits="3"/><line number="238" hits="3"/><line number="239" hits="6"/><line number="240" hits="5"/><line number="247" hits="3"/><line number="250" hits="4"/><line number="251" hits="4"/><line number="253" hits="4"/><line number="254" hits="4"/><line number="256" hits="4"/><line number="258" hits="8"/><line number="260" hits="4"/><line number="261" hits="4"/><line number="263" hits="4"/><line number="266" hits="4"/><line number="267" hits="8"/><line number="269" hits="2"/><line number="271" hits="4"/><line number="273" hits="2"/><line number="274" hits="2"/><line number="276" hits="2"/><line number="279" hits="2"/><line number="280" hits="4"/><line number="281" hits="2"/><line number="288" hits="2"/><line number="291" hits="3"/><line number="292" hits="3"/><line number="294" hits="3"/><line number="295" hits="3"/><line number="297" hits="3"/><line number="299" hits="6"/><line number="301" hits="3"/><line number="302" hits="3"/><line number="304" hits="3"/><line number="307" hits="3"/><line number="308" hits="6"/><line number="310" hits="1"/><line number="312" hits="2"/><line number="314" hits="1"/><line number="315" hits="1"/><line number="317" hits="1"/><line number="320" hits="1"/><line number="321" hits="2"/><line number="322" hits="1"/><line number="328" hits="50"/><line number="329" hits="154"/><line number="331" hits="34"/><line number="332" hits="127"/><line number="333" hits="42"/><line number="334" hits="42"/><line number="335" hits="95"/><line number="336" hits="21"/><line number="337" hits="16"/><line number="338" hits="20"/><line number="340" hits="6"/><line number="341" hits="6"/><line number="345" hits="114"/><line number="346" hits="43"/></lines></class><class name="scanner" filename="crates/code-viz-core/src/scanner.rs" line-rate="0.8035714285714286" branch-rate="0" complexity="0"><methods/><lines><line number="12" hits="23"/><line number="13" hits="18"/><line number="14" hits="1"/><line number="16" hits="21"/><line number="17" hits="1"/><line number="19" hits="19"/><line number="22" hits="24"/><line number="23" hits="25"/><line number="24" hits="49"/><line number="25" hits="33"/><line number="26" hits="3"/><line number="27" hits="2"/><line number="30" hits="22"/><line number="31" hits="0"/><line number="32" hits="0"/><line number="36" hits="25"/><line number="37" hits="14"/><line number="43" hits="13"/><line number="45" hits="24"/><line number="46" hits="12"/><line number="47" hits="22"/><line number="48" hits="0"/><line number="53" hits="0"/><line number="54" hits="0"/><line number="57" hits="0"/><line number="58" hits="0"/><line number="59" hits="0"/><line number="60" hits="0"/><line number="62" hits="0"/><line number="64" hits="0"/><line number="69" hits="12"/><line number="70" hits="62"/><line number="71" hits="14"/><line number="76" hits="18"/><line number="80" hits="61"/><line number="82" hits="39"/><line number="83" hits="21"/><line number="85" hits="55"/><line number="87" hits="30"/><line number="88" hits="19"/><line number="96" hits="47"/><line number="97" hits="32"/><line number="98" hits="20"/><line number="99" hits="14"/><line number="101" hits="24"/><line number="102" hits="12"/><line number="105" hits="14"/><line number="106" hits="33"/><line number="108" hits="39"/><line number="109" hits="37"/><line nu
[...]
mber="155" hits="16"/><line number="160" hits="8"/><line number="163" hits="36"/><line number="164" hits="24"/><line number="168" hits="11"/><line number="169" hits="27"/><line number="170" hits="17"/><line number="171" hits="17"/><line number="174" hits="5"/><line number="176" hits="5"/><line number="181" hits="12"/><line number="187" hits="6"/><line number="191" hits="11"/><line number="194" hits="11"/><line number="195" hits="3"/><line number="200" hits="5"/><line number="205" hits="10"/><line number="206" hits="10"/><line number="207" hits="10"/><line number="208" hits="17"/></lines></class></classes></package><package name="crates/code-viz-dead-code/src" line-rate="0.8771929824561403" branch-rate="0" complexity="0"><classes><class name="cache" filename="crates/code-viz-dead-code/src/cache.rs" line-rate="0.85" branch-rate="0" complexity="0"><methods/><lines><line number="70" hits="14"/><line number="72" hits="17"/><line number="74" hits="7"/><line number="77" hits="22"/><line number="78" hits="15"/><line number="79" hits="2"/><line number="80" hits="6"/><line number="82" hits="2"/><line number="84" hits="1"/><line number="85" hits="0"/><line number="90" hits="5"/><line number="91" hits="5"/><line number="92" hits="12"/><line number="103" hits="5"/><line number="105" hits="6"/><line number="106" hits="10"/><line number="107" hits="13"/><line number="108" hits="12"/><line number="110" hits="8"/><line number="111" hits="4"/><line number="114" hits="4"/><line number="121" hits="6"/><line number="122" hits="7"/><line number="127" hits="14"/><line number="131" hits="11"/><line number="132" hits="6"/><line number="133" hits="12"/><line number="136" hits="14"/><line number="138" hits="8"/><line number="140" hits="8"/><line number="147" hits="3"/><line number="149" hits="5"/><line number="150" hits="2"/><line number="151" hits="1"/><line number="152" hits="0"/><line number="153" hits="0"/><line number="154" hits="0"/><line number="159" hits="5"/><line number="160" hits="3"/><line number="161" hits="1"/><line number="162" hits="3"/><line number="164" hits="2"/><line number="165" hits="1"/><line number="170" hits="2"/><line number="171" hits="3"/><line number="176" hits="2"/><line number="177" hits="1"/><line number="180" hits="3"/><line number="192" hits="5"/><line number="194" hits="17"/><line number="195" hits="4"/><line number="196" hits="11"/><line number="197" hits="0"/><line number="200" hits="8"/><line number="201" hits="4"/><line number="204" hits="0"/><line number="205" hits="0"/><line number="210" hits="4"/><line number="211" hits="0"/><line number="212" hits="0"/><line number="216" hits="9"/><line number="217" hits="12"/><line number="218" hits="10"/><line number="219" hits="7"/><line number="220" hits="4"/><line number="225" hits="3"/><line number="226" hits="5"/><line number="232" hits="6"/><line number="233" hits="4"/><line number="234" hits="2"/><line number="240" hits="3"/><line number="241" hits="2"/><line number="242" hits="1"/><line number="248" hits="2"/><line number="249" hits="2"/><line number="250" hits="3"/><line number="251" hits="0"/><line number="255" hits="0"/><line number="256" hits="0"/><line number="261" hits="2"/></lines></class><class name="confidence" filename="crates/code-viz-dead-code/src/confidence.rs" line-rate="0.8051948051948052" branch-rate="0" complexity="0"><methods/><lines><line number="39" hits="7"/><line number="41" hits="8"/><line number="59" hits="8"/><line number="60" hits="8"/><line number="63" hits="15"/><line number="64" hits="5"/><line number="68" hits="18"/><line number="69" hits="11"/><line number="73" hits="12"/><line number="74" hits="1"/><line number="78" hits="23"/><line number="79" hits="12"/><line number="83" hits="12"/><line number="94" hits="4"/><line number="96" hits="10"/><line number="97" hits="4"/><line number="100" hits="9"/><line number="101" hits="5"/><line number="102" hits="13"/><line number="103" hits="2"/><line number="105" hits="10"/><line number="109" hits="2"/><line number="120" hits="4"/><line number="123" hits="10"/><line number="124" hits="4"/><line number="129" hits="5"/><line number="130" hits="6"/><line number="131" hits="4"/><line number="132" hits="2"/><line number="137" hits="2"/><line number="142" hits="5"/><line number="143" hits="4"/><line number="144" hits="8"/><line number="145" hits="0"/><line number="148" hits="9"/><line number="149" hits="1"/><line number="150" hits="0"/><line number="153" hits="8"/><line number="154" hits="1"/><line number="155" hits="0"/><line number="158" hits="17"/><line number="159" hits="0"/><line number="162" hits="9"/><line number="166" hits="9"/><line number="173" hits="18"/><line number="174" hits="27"/><line number="175" hits="18"/><line number="176" hits="8"/><line number="180" hits="9"/><line number="181" hits="1"/><line number="183" hits="17"/><line number="184" hits="9"/><line number="186" hits="0"/><line number="191" hits="0"/><line number="203" hits="12"/><line number="204" hits="11"/><line number="206" hits="35"/><line number="207" hits="11"/><line number="208" hits="12"/><line number="209" hits="12"/><line number="210" hits="12"/><line number="212" hits="0"/><line number="227" hits="13"/><line number="229" hits="37"/><line number="231" hits="26"/><line number="232" hits="2"/><line number="236" hits="24"/><line number="238" hits="24"/><line number="239" hits="12"/><line number="245" hits="0"/><line number="248" hits="0"/><line number="249" hits="0"/><line number="250" hits="0"/><line number="251" hits="0"/><line number="252" hits="0"/><line number="253" hits="0"/><line number="260" hits="0"/></lines></class><class name="entry_points" filename="crates/code-viz-dead-code/src/entry_points.rs" line-rate="0.8846153846153846" branch-rate="0" complexity="0"><methods/><lines><line number="28" hits="6"/><line number="29" hits="7"/><line number="32" hits="14"/><line number="33" hits="14"/><line number="34" hits="3"/><line number="39" hits="6"/><line number="40" hits="11"/><line number="41" hits="7"/><line number="42" hits="6"/><line number="43" hits="0"/><line number="49" hits="9"/><line number="60" hits="6"/><line number="62" hits="8"/><line number="63" hits="3"/><line number="67" hits="5"/><line number="68" hits="3"/><line number="72" hits="14"/><line number="76" hits="4"/><line number="90" hits="6"/><line number="91" hits="19"/><line number="92" hits="14"/><line number="94" hits="0"/><line number="111" hits="3"/><line number="112" hits="11"/><line number="113" hits="4"/><line number="126" hits="0"/></lines></class><class name="lib" filename="crates/code-viz-dead-code/src/lib.rs" line-rate="0.9285714285714286" branch-rate="0" complexity="0"><methods/><lines><line number="68" hits="12"/><line number="70" hits="27"/><line number="141" hits="15"/><line number="142" hits="31"/><line number="143" hits="27"/><line number="144" hits="29"/><line number="145" hits="7"/><line number="149" hits="7"/><line number="154" hits="17"/><line number="155" hits="7"/><line number="157" hits="0"/><line number="159" hits="14"/><line number="160" hits="6"/><line number="164" hits="7"/><line number="165" hits="12"/><line number="166" hits="5"/><line number="168" hits="11"/><line number="169" hits="3"/><line number="170" hits="1"/><line number="173" hits="12"/><line number="174" hits="6"/><line number="178" hits="3"/><line number="182" hits="15"/><line number="183" hits="9"/><line number="184" hits="10"/><line number="186" hits="0"/><line number="191" hits="6"/><line number="202" hits="5"/><line number="206" hits="7"/><line number="213" hits="21"/><line number="214" hits="20"/><line number="215" hits="12"/><line number="216" hits="24"/><line number="218" hits="12"/><line number="219" hits="22"/><line number="222" hits="4"/><line number="227" hits="12"/><line number="228" hits="12"/><line number="229" hits="12"/><line number="230" hits="12"/><line number="233" hits="12"/><line number="237" hits="24"/><line number="240" hits="6"/><line number="242" hits="22"/><line number="245" hits="26"/><line number="246" hits="6"/><line number="250" hits="7"/><line number="251" hits="6"/><line number="254" hits="20"/><line number="257" hits="6"/><line number="258" hits="7"/><line number="260" hits="0"/><line number="265" hits="6"/><line number="270" hits="6"/><line number="279" hits="7"/><line number="291" hits="12"/><line number="295" hits="15"/><line number="296" hits="42"/><line number="299" hits="23"/><line number="300" hits="18"/><line number="301" hits="0"/><line number="302" hits="0"/><line number="306" hits="18"/><line number="307" hits="11"/><line number="308" hits="12"/><line number="311" hits="10"/><line number="312" hits="16"/><line number="315" hits="16"/><line number="316" hits="12"/><line number="317" hits="15"/><line number="318" hits="12"/><line number="320" hits="7"/><line number="325" hits="11"/><line number="330" hits="7"/><line number="333" hits="20"/><line number="335" hits="18"/><line number="338" hits="17"/><line number="340" hits="12"/><line number="342" hits="2"/><line number="343" hits="5"/><line number="344" hits="1"/><line number="348" hits="22"/><line number="349" hits="17"/><line number="352" hits="11"/><line number="353" hits="12"/><line number="355" hits="6"/><line number="360" hits="5"/><line number="364" hits="29"/><line number="368" hits="9"/><line number="369" hits="4"/><line number="370" hits="12"/><line number="371" hits="4"/><line number="372" hits="0"/><line number="373" hits="0"/><line number="378" hits="13"/><line number="381" hits="13"/><line number="382" hits="18"/><line number="384" hits="5"/></lines></class><class name="models" filename="crates/code-viz-dead-code/src/models.rs" line-rate="0.7777777777777778" branch-rate="0" complexity="0"><methods/><lines><line number="76" hits="0"/><line number="78" hits="0"/><line number="86" hits="0"/><line number="107" hits="1"/><line number="108" hits="1"/><line number="109" hits="1"/><line number="110" hits="1"/><line number="111" hits="1"/><line number="113" hits="3"/><line number="114" hits="1"/><line number="117" hits="3"/><line number="121" hits="2"/><line number="123" hits="2"/><line number="124" hits="2"/><line number="125" hits="1"/><line number="126" hits="1"/><line number="127" hits="2"/><line number="129" hits="0"/><line number="130" hits="0"/><line number="136" hits="1"/><line number="137" hits="1"/><line number="138" hits="1"/><line number="143" hits="1"/><line number="146" hits="1"/><line number="147" hits="1"/><line number="150" hits="0"/><line number="154" hits="1"/></lines></class><class name="reachability" filename="crates/code-viz-dead-code/src/reachability.rs" line-rate="0.9629629629629629" branch-rate="0" complexity="0"><methods/><lines><line number="38" hits="10"/><line number="41" hits="14"/><line number="55" hits="12"/><line number="59" hits="23"/><line number="60" hits="1"/><line number="64" hits="21"/><line number="67" hits="16"/><line number="68" hits="10"/><line number="71" hits="0"/><line number="77" hits="11"/><line number="87" hits="12"/><line number="89" hits="10"/><line number="95" hits="11"/><line number="97" hits="19"/><line number="99" hits="20"/><line number="104" hits="20"/><line number="107" hits="9"/><line number="108" hits="14"/><line number="109" hits="8"/><line number="110" hits="8"/><line number="126" hits="7"/><line number="127" hits="7"/><line number="130" hits="14"/><line number="131" hits="14"/><line number="132" hits="6"/><line number="136" hits="2"/><line number="142" hits="5"/></lines></class></classes></package><package name="crates/code-viz-tauri/tests/helpers" line-rate="1" branch-rate="0" complexity="0"><classes><class name="validation_utils" filename="crates/code-viz-tauri/tests/helpers/validation_utils.rs" line-rate="1" branch-rate="0" complexity="0"><methods/><lines><line number="8" hits="6"/><line number="10" hits="6"/><line number="11" hits="6"/><line number="12" hits="6"/><line number="15" hits="6"/><line number="16" hits="6"/><line number="17" hits="12"/><line number="30" hits="6"/><line number="31" hits="6"/><line number="32" hits="6"/><line number="35" hits="6"/><line number="36" hits="6"/><line number="37" hits="12"/><line number="50" hits="6"/><line number="51" hits="6"/><line number="52" hits="6"/><line number="55" hits="6"/><line number="56" hits="12"/><line number="57" hits="12"/><line number="70" hits="6"/><line number="71" hits="6"/><line number="72" hits="6"/><line number="75" hits="6"/><line number="76" hits="12"/><line number="77" hits="12"/><line number="91" hits="3"/><line number="93" hits="3"/><line number="96" hits="6"/><line number="97" hits="4"/><line number="98" hits="2"/><line number="103" hits="3"/><line number="105" hits="3"/><line number="106" hits="3"/><line number="108" hits="3"/><line number="109" hits="3"/><line number="111" hits="3"/><line number="113" hits="3"/><line number="116" hits="3"/><line number="117" hits="2"/><line number="119" hits="2"/><line number="120" hits="2"/><line number="122" hits="2"/><line number="123" hits="2"/><line number="125" hits="2"/><line number="126" hits="2"/><line number="128" hits="2"/><line number="129" hits="2"/><line number="131" hits="2"/><line number="132" hits="2"/><line number="135" hits="2"/><line number="136" hits="2"/></lines></class></classes></package><package name="crates/code-viz-cli/src/output" line-rate="0.9014778325123153" branch-rate="0" complexity="0"><classes><class name="csv" filename="crates/code-viz-cli/src/output/csv.rs" line-rate="0.8260869565217391" branch-rate="0" complexity="0"><methods/><lines><line number="8" hits="1"/><line number="9" hits="1"/><line number="12" hits="4"/><line number="15" hits="1"/><line number="16" hits="0"/><line number="18" hits="2"/><line number="20" hits="2"/><line number="21" hits="1"/><line number="23" hits="1"/><line number="24" hits="3"/><line number="25" hits="2"/><line number="26" hits="1"/><line number="27" hits="1"/><line number="28" hits="1"/><line number="29" hits="1"/><line number="32" hits="1"/><line number="33" hits="0"/><line number="34" hits="0"/><line number="35" hits="0"/><line number="38" hits="2"/><line number="39" hits="1"/><line number="42" hits="1"/><line number="43" hits="2"/></lines></class><class name="dead_code" filename="crates/code-viz-cli/src/output/dead_code.rs" line-rate="0.9532710280373832" branch-rate="0" complexity="0"><methods/><lines><line number="15" hits="0"/><line number="16" hits="0"/><line number="17" hits="0"/><line number="18" hits="0"/><line number="34" hits="1"/><line number="35" hits="1"/><line number="36" hits="1"/><line number="44" hits="2"/><line number="45" hits="2"/><line number="46" hits="4"/><line number="47" hits="2"/><line number="48" hits="2"/><line number="49" hits="1"/><line number="50" hits="1"/><line number="51" hits="1"/><line number="57" hits="1"/><line number="58" hits="1"/><line number="63" hits="2"/><line number="64" hits="2"/><line number="67" hits="2"/><line number="68" hits="6"/><line number="69" hits="4"/><line number="70" hits="6"/><line number="71" hits="2"/><line number="74" hits="2"/><line number="75" hits="2"/><line number="77" hits="4"/><line number="78" hits="2"/><line number="80" hits="2"/><line number="81" hits="2"/><line number="83" hits="0"/><line number="85" hits="4"/><line number="86" hits="2"/><line number="88" hits="4"/><line number="89" hits="2"/><line number="91" hits="4"/><line number="92" hits="2"/><line number="94" hits="4"/><line number="95" hits="2"/><line number="97" hits="2"/><line number="98" hits="4"/><line number="99" hits="4"/><line number="102" hits="5"/><line number="103" hits="1"/><line number="106" hits="2"/><line number="107" hits="2"/><line number="108" hits="1"/><line number="111" hits="3"/><line number="112" hits="2"/><line number="114" hits="1"/><line number="115" hits="3"/><line number="116" hits="3"/><line number="117" hits="3"/><line number="118" hits="1"/><line number="121" hits="1"/><line number="122" hits="4"/><line number="123" hits="1"/><line number="124" hits="2"/><line number="125" hits="1"/><line number="128" hits="1"/><line number="131" hits="1"/><line number="132" hits="3"/><line number="133" hits="2"/><line number="135" hits="3"/><line number="136" hits="4"/><line number="137" hits="3"/><line number="138" hits="3"/><line number="140" hits="3"/><line number="141" hits="2"/><line number="142" hits="3"/><line number="143" hits="2"/><line number="144" hits="3"/><line number="145" hits="1"/><line number="148" hits="1"/><line number="149" hits="1"/><line number="150" hits="1"/><line number="153" hits="3"/><line number="154" hits="2"/><line number="156" hits="2"/><line number="157" hits="4"/><line number="158" hits="2"/><line number="160" hits="1"/><line number="161" hits="4"/><line number="163" hits="2"/><line number="164" hits="1"/><line number="165" hits="2"/><line number="167" hits="3"/><line number="171" hits="1"/><line number="177" hits="2"/><line number="179" hits="1"/><line number="180" hits="4"/><line number="181" hits="2"/><line number="186" hits="1"/><line number="191" hits="1"/><line number="192" hits="1"/><line number="193" hits="1"/><line number="194" hits="2"/><line number="195" hits="1"/><line number="196" hits="2"/><line number="198" hits="2"/><line number="204" hits="1"/><line number="205" hits="1"/><line number="206" hits="1"/><line number="207" hits="1"/><line number="208" hits="1"/><line number="209" hits="1"/><line number="210" hits="1"/></lines></class><class name="json" filename="crates/code-viz-cli/src/output/json.rs" line-rate="1" branch-rate="0" complexity="0"><methods/><lines><line number="7" hits="1"/><line number="8" hits="1"/></lines></class><class name="markdown" filename="crates/code-viz-cli/src/output/markdown.rs" line-rate="1" branch-rate="0" complexity="0"><methods/><lines><line number="9" hits="1"/><line number="10" hits="1"/><line number="11" hits="1"/><line number="12" hits="1"/><line number="13" hits="1"/><line number="14" hits="1"/><line number="15" hits="1"/><line number="19" hits="1"/><line number="20" hits="1"/><line number="21" hits="1"/><line number="22" hits="1"/><line number="23" hits="1"/><line number="24" hits="1"/><line number="25" hits="1"/><line number="26" hits="2"/><line number="30" hits="1"/><line number="31" hits="1"/><line number="34" hits="1"/><line number="35" hits="1"/><line number="36" hits="3"/><line number="37" hits="2"/><line number="40" hits="1"/><line number="41" hits="2"/><line number="43" hits="1"/><line number="44" hits="1"/><line number="45" hits="1"/><line number="46" hits="1"/><line number="47" hits="2"/><line number="48" hits="2"/><line number="50" hits="1"/><line number="51" hits="1"/><line number="54" hits="1"/><line number="55" hits="1"/><line number="56" hits="4"/><line number="58" hits="1"/><line number="59" hits="1"/><line number="60" hits="1"/><line number="61" hits="1"/><line number="62" hits="2"/><line number="63" hits="2"/><line number="65" hits="2"/><line number="71" hits="1"/></lines></class><class name="text" filename="crates/code-viz-cli/src/output/text.rs" line-rate="0.6206896551724138" branch-rate="0" complexity="0"><methods/><lines><line number="8" hits="1"/><line number="9" hits="1"/><line number="10" hits="1"/><line number="12" hits="2"/><line number="13" hits="1"/><line number="14" hits="1"/><line number="15" hits="1"/><line number="16" hits="1"/><line number="17" hits="1"/><line number="19" hits="1"/><line number="22" hits="1"/><line number="23" hits="4"/><line number="25" hits="1"/><line number="26" hits="2"/><line number="29" hits="2"/><line number="30" hits="2"/><line number="35" hits="1"/><line number="36" hits="0"/><line number="37" hits="0"/><line number="38" hits="0"/><line number="39" hits="0"/><line number="40" hits="0"/><line number="42" hits="0"/><line number="43" hits="0"/><line number="44" hits="0"/><line number="45" hits="0"/><line number="46" hits="0"/><line number="47" hits="0"/><line number="52" hits="1"/></lines></class></classes></package></packages></coverage>